2025-11-20 13:33:22,364 - INFO - <bound method Machine.log_creation of <src.machine.Machine object at 0x7f772ac49a00>>
2025-11-20 13:34:10,805 - INFO - <bound method Machine.log_creation of <src.machine.Machine object at 0x7f0322581610>>
2025-11-20 13:34:23,912 - INFO - <bound method Machine.log_creation of <src.machine.Machine object at 0x7efca7447610>>
2025-11-20 13:34:39,100 - INFO - <bound method Machine.log_creation of <src.machine.Machine object at 0x7f19d7188610>>
2025-11-20 13:35:23,342 - INFO - <bound method Machine.log_creation of <src.machine.Machine object at 0x7f38d1f91b20>>
2025-11-20 13:35:59,114 - INFO - <bound method Machine.log_creation of <src.machine.Machine object at 0x7f0c2e67d640>>
2025-11-20 13:54:12,246 - INFO - Created/Altered instance: test, With properties {'name': 'test', 'OS': 'RHEL8', 'CPU': 4, 'RAM': 16, 'storage': 10, 'inEnv': 'Prod'}
2025-11-26 18:22:42,503 - INFO - Created/Altered instance: test
2025-11-26 18:23:10,819 - INFO - Created/Altered instance: test
2025-11-26 18:23:36,510 - INFO - Created/Altered instance: test
2025-11-26 20:10:03,469 - INFO - Created/Altered instance: test
2025-11-26 20:10:45,717 - INFO - Created/Altered instance: test
2025-11-26 20:11:44,310 - INFO - Created/Altered instance: test
2025-11-26 20:16:52,354 - INFO - Created/Altered instance: test
2025-11-30 15:03:00,035 - INFO - Created/Altered instance: test with parameters: test
name : test
OS : ubuntu
CPU : 4
RAM : 16
storage : 10
inEnv : Prod

2025-11-30 15:03:35,086 - INFO - Created/Altered instance: test with parameters: {'name': 'test', 'OS': 'ubuntu', 'CPU': 4, 'RAM': 16, 'storage': 10, 'inEnv': 'Prod'}
2025-11-30 15:07:46,555 - INFO - Created/Altered instance: test with parameters: {'name': 'test', 'OS': 'ubuntu', 'CPU': 4, 'RAM': 16, 'storage': 10, 'inEnv': 'Prod'}
2025-11-30 15:08:25,358 - INFO - Created/Altered instance: test with parameters: {'name': 'test', 'OS': 'ubuntu', 'CPU': 4, 'RAM': 16, 'storage': 10, 'inEnv': 'Prod'}
2025-11-30 20:07:33,727 - INFO - Created/Altered instance: Noga with parameters: {'name': 'Noga', 'OS': 'ubuntu', 'CPU': 4, 'RAM': 4, 'storage': 10, 'inEnv': 'prod'}
2025-11-30 20:08:17,689 - ERROR - Validation Error: 
1 validation error for Machine
OS
  Value error,  OS must be ubuntu or windows [type=value_error, input_value='RHEL', input_type=str]
    For further information visit https://errors.pydantic.dev/2.12/v/value_error
2025-11-30 20:23:30,390 - INFO - Created/Altered instance: bla with parameters: {'name': 'bla', 'OS': 'ubuntu', 'CPU': 4, 'RAM': 4, 'storage': 100, 'inEnv': 'dev'}
2025-11-30 20:24:44,162 - INFO - Created/Altered instance: kfir-test with parameters: {'name': 'kfir-test', 'OS': 'windows', 'CPU': 8, 'RAM': 4, 'storage': 10, 'inEnv': 'nonprod'}
2025-11-30 20:25:12,787 - ERROR - Creation of bad machine config failed on Validation error :
5 validation errors for Machine
OS
  Value error,  OS must be ubuntu or windows [type=value_error, input_value='none', input_type=str]
    For further information visit https://errors.pydantic.dev/2.12/v/value_error
CPU
  Value error, CPU range should be 1-128(GB) [type=value_error, input_value='0', input_type=str]
    For further information visit https://errors.pydantic.dev/2.12/v/value_error
RAM
  Value error, RAM range should be 1-128(GB) [type=value_error, input_value='0', input_type=str]
    For further information visit https://errors.pydantic.dev/2.12/v/value_error
storage
  Value error, Strorage range should between 1gb to 1tb (1000gb) [type=value_error, input_value='0', input_type=str]
    For further information visit https://errors.pydantic.dev/2.12/v/value_error
inEnv
  Value error, existing environments: prod, nonprod, dev [type=value_error, input_value='none', input_type=str]
    For further information visit https://errors.pydantic.dev/2.12/v/value_error
2025-11-30 20:27:56,574 - ERROR - Creation of bad machine config failed on Validation error :
5 validation errors for Machine
OS
  Value error,  OS must be ubuntu or windows [type=value_error, input_value='s', input_type=str]
    For further information visit https://errors.pydantic.dev/2.12/v/value_error
CPU
  Value error, CPU range should be 1-128(GB) [type=value_error, input_value='0', input_type=str]
    For further information visit https://errors.pydantic.dev/2.12/v/value_error
RAM
  Value error, RAM range should be 1-128(GB) [type=value_error, input_value='0', input_type=str]
    For further information visit https://errors.pydantic.dev/2.12/v/value_error
storage
  Value error, Strorage range should between 1gb to 1tb (1000gb) [type=value_error, input_value='0', input_type=str]
    For further information visit https://errors.pydantic.dev/2.12/v/value_error
inEnv
  Value error, existing environments: prod, nonprod, dev [type=value_error, input_value='no', input_type=str]
    For further information visit https://errors.pydantic.dev/2.12/v/value_error
2025-11-30 20:42:04,406 - INFO - Created/Altered instance: kfir with parameters: {'name': 'kfir', 'OS': 'ubuntu', 'CPU': 4, 'RAM': 4, 'storage': 10, 'inEnv': 'prod'}
2025-11-30 20:42:20,568 - ERROR - Creation of bad machine config failed on Validation error :
1 validation error for Machine
OS
  Value error,  OS must be ubuntu or windows [type=value_error, input_value='none', input_type=str]
    For further information visit https://errors.pydantic.dev/2.12/v/value_error
2025-11-30 20:43:29,443 - ERROR - Creation of bad machine config failed on Validation error :
5 validation errors for Machine
OS
  Value error,  OS must be ubuntu or windows [type=value_error, input_value='', input_type=str]
    For further information visit https://errors.pydantic.dev/2.12/v/value_error
CPU
  Input should be a valid integer, unable to parse string as an integer [type=int_parsing, input_value='', input_type=str]
    For further information visit https://errors.pydantic.dev/2.12/v/int_parsing
RAM
  Input should be a valid integer, unable to parse string as an integer [type=int_parsing, input_value='', input_type=str]
    For further information visit https://errors.pydantic.dev/2.12/v/int_parsing
storage
  Input should be a valid integer, unable to parse string as an integer [type=int_parsing, input_value='', input_type=str]
    For further information visit https://errors.pydantic.dev/2.12/v/int_parsing
inEnv
  Value error, existing environments: prod, nonprod, dev [type=value_error, input_value='', input_type=str]
    For further information visit https://errors.pydantic.dev/2.12/v/value_error
2025-11-30 20:48:59,040 - INFO - Created/Altered instance: kfir with parameters: {'name': 'kfir', 'OS': 'ubuntu', 'CPU': 4, 'RAM': 4, 'storage': 10, 'inEnv': 'prod'}
2025-11-30 20:49:15,906 - INFO - Created/Altered instance: noga with parameters: {'name': 'noga', 'OS': 'windows', 'CPU': 4, 'RAM': 8, 'storage': 12, 'inEnv': 'nonprod'}
2025-11-30 20:49:31,009 - ERROR - Creation of bad machine config failed on Validation error :
5 validation errors for Machine
OS
  Value error,  OS must be ubuntu or windows [type=value_error, input_value='', input_type=str]
    For further information visit https://errors.pydantic.dev/2.12/v/value_error
CPU
  Input should be a valid integer, unable to parse string as an integer [type=int_parsing, input_value='', input_type=str]
    For further information visit https://errors.pydantic.dev/2.12/v/int_parsing
RAM
  Input should be a valid integer, unable to parse string as an integer [type=int_parsing, input_value='', input_type=str]
    For further information visit https://errors.pydantic.dev/2.12/v/int_parsing
storage
  Input should be a valid integer, unable to parse string as an integer [type=int_parsing, input_value='', input_type=str]
    For further information visit https://errors.pydantic.dev/2.12/v/int_parsing
inEnv
  Value error, existing environments: prod, nonprod, dev [type=value_error, input_value='', input_type=str]
    For further information visit https://errors.pydantic.dev/2.12/v/value_error
2025-11-30 20:50:34,408 - ERROR - Creation of kfir machine config failed on Validation error :
4 validation errors for Machine
OS
  Value error,  OS must be ubuntu or windows [type=value_error, input_value='4', input_type=str]
    For further information visit https://errors.pydantic.dev/2.12/v/value_error
RAM
  Input should be a valid integer, unable to parse string as an integer [type=int_parsing, input_value='', input_type=str]
    For further information visit https://errors.pydantic.dev/2.12/v/int_parsing
storage
  Input should be a valid integer, unable to parse string as an integer [type=int_parsing, input_value='', input_type=str]
    For further information visit https://errors.pydantic.dev/2.12/v/int_parsing
inEnv
  Value error, existing environments: prod, nonprod, dev [type=value_error, input_value='', input_type=str]
    For further information visit https://errors.pydantic.dev/2.12/v/value_error
2025-11-30 20:50:48,632 - ERROR - Creation of kfir machine config failed on Validation error :
1 validation error for Machine
OS
  Value error,  OS must be ubuntu or windows [type=value_error, input_value='redhat', input_type=str]
    For further information visit https://errors.pydantic.dev/2.12/v/value_error
2025-11-30 20:51:02,146 - INFO - Created/Altered instance: kfir with parameters: {'name': 'kfir', 'OS': 'windows', 'CPU': 4, 'RAM': 4, 'storage': 10, 'inEnv': 'prod'}
2025-11-30 20:52:13,680 - ERROR - Creation of  machine config failed on Validation error :
5 validation errors for Machine
OS
  Value error,  OS must be ubuntu or windows [type=value_error, input_value='', input_type=str]
    For further information visit https://errors.pydantic.dev/2.12/v/value_error
CPU
  Input should be a valid integer, unable to parse string as an integer [type=int_parsing, input_value='', input_type=str]
    For further information visit https://errors.pydantic.dev/2.12/v/int_parsing
RAM
  Input should be a valid integer, unable to parse string as an integer [type=int_parsing, input_value='', input_type=str]
    For further information visit https://errors.pydantic.dev/2.12/v/int_parsing
storage
  Input should be a valid integer, unable to parse string as an integer [type=int_parsing, input_value='', input_type=str]
    For further information visit https://errors.pydantic.dev/2.12/v/int_parsing
inEnv
  Value error, existing environments: prod, nonprod, dev [type=value_error, input_value='', input_type=str]
    For further information visit https://errors.pydantic.dev/2.12/v/value_error
2025-11-30 20:53:04,052 - ERROR - Creation of  machine config failed on Validation error :
5 validation errors for Machine
OS
  Value error,  OS must be ubuntu or windows [type=value_error, input_value='', input_type=str]
    For further information visit https://errors.pydantic.dev/2.12/v/value_error
CPU
  Input should be a valid integer, unable to parse string as an integer [type=int_parsing, input_value='', input_type=str]
    For further information visit https://errors.pydantic.dev/2.12/v/int_parsing
RAM
  Input should be a valid integer, unable to parse string as an integer [type=int_parsing, input_value='', input_type=str]
    For further information visit https://errors.pydantic.dev/2.12/v/int_parsing
storage
  Input should be a valid integer, unable to parse string as an integer [type=int_parsing, input_value='', input_type=str]
    For further information visit https://errors.pydantic.dev/2.12/v/int_parsing
inEnv
  Value error, existing environments: prod, nonprod, dev [type=value_error, input_value='', input_type=str]
    For further information visit https://errors.pydantic.dev/2.12/v/value_error
2025-11-30 20:53:43,038 - ERROR - Creation of  machine config failed on Validation error :
5 validation errors for Machine
OS
  Value error,  OS must be ubuntu or windows [type=value_error, input_value='', input_type=str]
    For further information visit https://errors.pydantic.dev/2.12/v/value_error
CPU
  Input should be a valid integer, unable to parse string as an integer [type=int_parsing, input_value='', input_type=str]
    For further information visit https://errors.pydantic.dev/2.12/v/int_parsing
RAM
  Input should be a valid integer, unable to parse string as an integer [type=int_parsing, input_value='', input_type=str]
    For further information visit https://errors.pydantic.dev/2.12/v/int_parsing
storage
  Input should be a valid integer, unable to parse string as an integer [type=int_parsing, input_value='', input_type=str]
    For further information visit https://errors.pydantic.dev/2.12/v/int_parsing
inEnv
  Value error, existing environments: prod, nonprod, dev [type=value_error, input_value='', input_type=str]
    For further information visit https://errors.pydantic.dev/2.12/v/value_error
2025-11-30 21:01:01,681 - ERROR - Creation of  machine config failed on Validation error :
5 validation errors for Machine
OS
  Value error,  OS must be ubuntu or windows [type=value_error, input_value='', input_type=str]
    For further information visit https://errors.pydantic.dev/2.12/v/value_error
CPU
  Input should be a valid integer, unable to parse string as an integer [type=int_parsing, input_value='', input_type=str]
    For further information visit https://errors.pydantic.dev/2.12/v/int_parsing
RAM
  Input should be a valid integer, unable to parse string as an integer [type=int_parsing, input_value='', input_type=str]
    For further information visit https://errors.pydantic.dev/2.12/v/int_parsing
storage
  Input should be a valid integer, unable to parse string as an integer [type=int_parsing, input_value='', input_type=str]
    For further information visit https://errors.pydantic.dev/2.12/v/int_parsing
inEnv
  Value error, existing environments: prod, nonprod, dev [type=value_error, input_value='', input_type=str]
    For further information visit https://errors.pydantic.dev/2.12/v/value_error
2025-11-30 21:01:15,760 - INFO - Created/Altered instance: kfir with parameters: {'name': 'kfir', 'OS': 'ubuntu', 'CPU': 4, 'RAM': 4, 'storage': 10, 'inEnv': 'prod'}
2025-11-30 21:01:28,822 - INFO - Created/Altered instance: noga with parameters: {'name': 'noga', 'OS': 'windows', 'CPU': 2, 'RAM': 2, 'storage': 100, 'inEnv': 'dev'}
2025-11-30 21:01:31,521 - ERROR - Creation of  machine config failed on Validation error :
5 validation errors for Machine
OS
  Value error,  OS must be ubuntu or windows [type=value_error, input_value='', input_type=str]
    For further information visit https://errors.pydantic.dev/2.12/v/value_error
CPU
  Input should be a valid integer, unable to parse string as an integer [type=int_parsing, input_value='', input_type=str]
    For further information visit https://errors.pydantic.dev/2.12/v/int_parsing
RAM
  Input should be a valid integer, unable to parse string as an integer [type=int_parsing, input_value='', input_type=str]
    For further information visit https://errors.pydantic.dev/2.12/v/int_parsing
storage
  Input should be a valid integer, unable to parse string as an integer [type=int_parsing, input_value='', input_type=str]
    For further information visit https://errors.pydantic.dev/2.12/v/int_parsing
inEnv
  Value error, existing environments: prod, nonprod, dev [type=value_error, input_value='', input_type=str]
    For further information visit https://errors.pydantic.dev/2.12/v/value_error
2025-11-30 21:01:40,861 - ERROR - Creation of none machine config failed on Validation error :
1 validation error for Machine
OS
  Value error,  OS must be ubuntu or windows [type=value_error, input_value='wrong', input_type=str]
    For further information visit https://errors.pydantic.dev/2.12/v/value_error
2025-12-02 18:06:05,584 - ERROR - Creation of kfir machine config failed on Validation error :
1 validation error for Machine
OS
  Value error,  OS must be ubuntu or windows [type=value_error, input_value='rhel', input_type=str]
    For further information visit https://errors.pydantic.dev/2.12/v/value_error
2025-12-02 18:06:58,048 - INFO - Created/Altered instance: kfir with parameters: {'name': 'kfir', 'OS': 'windows', 'CPU': 4, 'RAM': 4, 'storage': 1, 'inEnv': 'prod'}
2025-12-02 18:14:29,206 - INFO - Created/Altered instance: hello with parameters: {'name': 'hello', 'OS': 'windows', 'CPU': 4, 'RAM': 4, 'storage': 10, 'inEnv': 'prod'}
2025-12-02 18:22:12,033 - ERROR - Creation of web-server-01 machine config failed on Validation error :
1 validation error for Machine
CPU
  Input should be a valid integer, unable to parse string as an integer [type=int_parsing, input_value='windows', input_type=str]
    For further information visit https://errors.pydantic.dev/2.12/v/int_parsing
2025-12-02 20:27:45,489 - ERROR - Creation of bbla machine config failed on Validation error :
5 validation errors for Machine
OS
  Value error,  OS must be ubuntu or windows [type=value_error, input_value='0', input_type=str]
    For further information visit https://errors.pydantic.dev/2.12/v/value_error
CPU
  Value error, CPU range should be 1-128(GB) [type=value_error, input_value='0', input_type=str]
    For further information visit https://errors.pydantic.dev/2.12/v/value_error
RAM
  Value error, RAM range should be 1-128(GB) [type=value_error, input_value='0', input_type=str]
    For further information visit https://errors.pydantic.dev/2.12/v/value_error
storage
  Value error, Strorage range should between 1gb to 1tb (1000gb) [type=value_error, input_value='0', input_type=str]
    For further information visit https://errors.pydantic.dev/2.12/v/value_error
inEnv
  Value error, existing environments: prod, nonprod, dev [type=value_error, input_value='0', input_type=str]
    For further information visit https://errors.pydantic.dev/2.12/v/value_error
